<?xml version="1.0" encoding="UTF-8"?>
<testsuite name="gorest-integration-tests"
           tests="5"
           failures="0"
           errors="0"
           skipped="0"
           time="3.094">
  <properties />
  
  
            <testcase name="testRetrieveToDosFromTargetPage" time="0.410" classname="org.globallogic.gorest.smoketests.ToDoApiSmokeTest" />
                <testcase name="testRetrieveAllToDos" time="0.672" classname="org.globallogic.gorest.smoketests.ToDoApiSmokeTest" />
                <testcase name="testUpdateTargetToDoItem" time="0.818" classname="org.globallogic.gorest.smoketests.ToDoApiSmokeTest" />
                <testcase name="testDeleteTargetToDoItem" time="0.807" classname="org.globallogic.gorest.smoketests.ToDoApiSmokeTest" />
                <testcase name="testCreateNewToDoItem" time="0.387" classname="org.globallogic.gorest.smoketests.ToDoApiSmokeTest" />
      
</testsuite>
