<?xml version="1.0" encoding="UTF-8"?>
<testsuite name="gorest-integration-tests"
           tests="5"
           failures="0"
           errors="0"
           skipped="0"
           time="3.558">
  <properties />
  
  
            <testcase name="testCreateNewUserAndReturnId" time="0.688" classname="org.globallogic.gorest.api.UserApiSmokeTest" />
                <testcase name="testUpdatedUserEmail" time="0.755" classname="org.globallogic.gorest.api.UserApiSmokeTest" />
                <testcase name="testDeleteTargetUser" time="1.041" classname="org.globallogic.gorest.api.UserApiSmokeTest" />
                <testcase name="testGetLatestUsers" time="0.689" classname="org.globallogic.gorest.api.UserApiSmokeTest" />
                <testcase name="testGetUsersFromTargetPage" time="0.385" classname="org.globallogic.gorest.api.UserApiSmokeTest" />
      
</testsuite>
