<?xml version="1.0" encoding="UTF-8"?>
<testsuite name="gorest-integration-tests"
           tests="5"
           failures="0"
           errors="0"
           skipped="0"
           time="2.752">
  <properties />
  
  
            <testcase name="testUpdateTargetToDoItem" time="0.776" classname="org.globallogic.gorest.api.ToDoApiSmokeTest" />
                <testcase name="testDeleteTargetTpDoItem" time="0.754" classname="org.globallogic.gorest.api.ToDoApiSmokeTest" />
                <testcase name="testRetrieveToDosFromTargetPage" time="0.349" classname="org.globallogic.gorest.api.ToDoApiSmokeTest" />
                <testcase name="testCreateNewToDoItem" time="0.416" classname="org.globallogic.gorest.api.ToDoApiSmokeTest" />
                <testcase name="testRetrieveAllToDos" time="0.457" classname="org.globallogic.gorest.api.ToDoApiSmokeTest" />
      
</testsuite>
