<?xml version="1.0" encoding="UTF-8"?>
<testsuite name="gorest-integration-tests"
           tests="5"
           failures="0"
           errors="0"
           skipped="0"
           time="3.977">
  <properties />
  
  
            <testcase name="testDeletePostForTargetUser" time="1.382" classname="org.globallogic.gorest.api.PostApiSmokeTest" />
                <testcase name="testCreatePostForTargetUser" time="0.765" classname="org.globallogic.gorest.api.PostApiSmokeTest" />
                <testcase name="testUpdatePostForTargetUser" time="0.740" classname="org.globallogic.gorest.api.PostApiSmokeTest" />
                <testcase name="testReturnPostsFromTargetPage" time="0.680" classname="org.globallogic.gorest.api.PostApiSmokeTest" />
                <testcase name="testReturnLatestPosts" time="0.410" classname="org.globallogic.gorest.api.PostApiSmokeTest" />
      
</testsuite>
